# JRE version: OpenJDK Runtime Environment GraalVM CE 22.3.0 (17.0.5+8) (build 17.0.5+8-jvmci-22.3-b08)
# Java VM: OpenJDK 64-Bit Server VM GraalVM CE 22.3.0 (17.0.5+8-jvmci-22.3-b08, mixed mode, sharing, tiered, jvmci, jvmci compiler, compressed oops, compressed class ptrs, parallel gc, linux-amd64)
GC Precious Log:
 CPUs: 8 total, 1 available
 Memory: 1024M
 Large Page Support: Disabled
 NUMA Support: Disabled
 Compressed Oops: Enabled (32-bit)
 Alignments: Space 512K, Generation 512K, Heap 2M
 Heap Min Capacity: 100M
 Heap Initial Capacity: 100M
 Heap Max Capacity: 512M
 Pre-touch: Disabled
 Parallel Workers: 1
Heap:
 PSYoungGen      total 67072K, used 39936K [0x00000000f5580000, 0x00000000fb880000, 0x0000000100000000)
  eden space 39936K, 100% used [0x00000000f5580000,0x00000000f7c80000,0x00000000f7c80000)
  from space 27136K, 0% used [0x00000000f9e00000,0x00000000f9e00000,0x00000000fb880000)
  to   space 14848K, 0% used [0x00000000f7c80000,0x00000000f7c80000,0x00000000f8b00000)
 ParOldGen       total 349696K, used 349693K [0x00000000e0000000, 0x00000000f5580000, 0x00000000f5580000)
  object space 349696K, 99% used [0x00000000e0000000,0x00000000f557f4d0,0x00000000f5580000)
 Metaspace       used 62241K, committed 63488K, reserved 1114112K
  class space    used 6099K, committed 6592K, reserved 1048576K
GC Heap History (20 events):
Event: 228.315 GC heap before
{Heap before GC invocations=269 (full 166):
 PSYoungGen      total 67072K, used 39935K [0x00000000f5580000, 0x00000000fb880000, 0x0000000100000000)
  eden space 39936K, 99% used [0x00000000f5580000,0x00000000f7c7fff8,0x00000000f7c80000)
  from space 27136K, 0% used [0x00000000f9e00000,0x00000000f9e00000,0x00000000fb880000)
  to   space 14848K, 0% used [0x00000000f7c80000,0x00000000f7c80000,0x00000000f8b00000)
 ParOldGen       total 349696K, used 349688K [0x00000000e0000000, 0x00000000f5580000, 0x00000000f5580000)
  object space 349696K, 99% used [0x00000000e0000000,0x00000000f557e2a0,0x00000000f5580000)
 Metaspace       used 62241K, committed 63488K, reserved 1114112K
  class space    used 6099K, committed 6592K, reserved 1048576K
}
Event: 229.433 GC heap after
{Heap after GC invocations=269 (full 166):
 PSYoungGen      total 54784K, used 39935K [0x00000000f5580000, 0x00000000fb880000, 0x0000000100000000)
  eden space 39936K, 99% used [0x00000000f5580000,0x00000000f7c7ff10,0x00000000f7c80000)
  from space 14848K, 0% used [0x00000000f7c80000,0x00000000f7c80000,0x00000000f8b00000)
  to   space 27136K, 0% used [0x00000000f9e00000,0x00000000f9e00000,0x00000000fb880000)
 ParOldGen       total 349696K, used 349688K [0x00000000e0000000, 0x00000000f5580000, 0x00000000f5580000)
  object space 349696K, 99% used [0x00000000e0000000,0x00000000f557e048,0x00000000f5580000)
 Metaspace       used 62241K, committed 63488K, reserved 1114112K
  class space    used 6099K, committed 6592K, reserved 1048576K
}
Event: 229.434 GC heap before
{Heap before GC invocations=270 (full 167):
 PSYoungGen      total 54784K, used 39935K [0x00000000f5580000, 0x00000000fb880000, 0x0000000100000000)
  eden space 39936K, 99% used [0x00000000f5580000,0x00000000f7c7ff20,0x00000000f7c80000)
  from space 14848K, 0% used [0x00000000f7c80000,0x00000000f7c80000,0x00000000f8b00000)
  to   space 27136K, 0% used [0x00000000f9e00000,0x00000000f9e00000,0x00000000fb880000)
 ParOldGen       total 349696K, used 349688K [0x00000000e0000000, 0x00000000f5580000, 0x00000000f5580000)
  object space 349696K, 99% used [0x00000000e0000000,0x00000000f557e048,0x00000000f5580000)
 Metaspace       used 62241K, committed 63488K, reserved 1114112K
  class space    used 6099K, committed 6592K, reserved 1048576K
}
Event: 230.535 GC heap after
{Heap after GC invocations=270 (full 167):
 PSYoungGen      total 67072K, used 39935K [0x00000000f5580000, 0x00000000fb880000, 0x0000000100000000)
  eden space 39936K, 99% used [0x00000000f5580000,0x00000000f7c7ff20,0x00000000f7c80000)
  from space 27136K, 0% used [0x00000000f9e00000,0x00000000f9e00000,0x00000000fb880000)
  to   space 14848K, 0% used [0x00000000f7c80000,0x00000000f7c80000,0x00000000f8b00000)
 ParOldGen       total 349696K, used 349688K [0x00000000e0000000, 0x00000000f5580000, 0x00000000f5580000)
  object space 349696K, 99% used [0x00000000e0000000,0x00000000f557e048,0x00000000f5580000)
 Metaspace       used 62241K, committed 63488K, reserved 1114112K
  class space    used 6099K, committed 6592K, reserved 1048576K
}
Event: 230.536 GC heap before
{Heap before GC invocations=271 (full 168):
 PSYoungGen      total 67072K, used 39936K [0x00000000f5580000, 0x00000000fb880000, 0x0000000100000000)
  eden space 39936K, 100% used [0x00000000f5580000,0x00000000f7c80000,0x00000000f7c80000)
  from space 27136K, 0% used [0x00000000f9e00000,0x00000000f9e00000,0x00000000fb880000)
  to   space 14848K, 0% used [0x00000000f7c80000,0x00000000f7c80000,0x00000000f8b00000)
 ParOldGen       total 349696K, used 349690K [0x00000000e0000000, 0x00000000f5580000, 0x00000000f5580000)
  object space 349696K, 99% used [0x00000000e0000000,0x00000000f557ea28,0x00000000f5580000)
 Metaspace       used 62241K, committed 63488K, reserved 1114112K
  class space    used 6099K, committed 6592K, reserved 1048576K
}
Event: 231.671 GC heap after
{Heap after GC invocations=271 (full 168):
 PSYoungGen      total 54784K, used 39935K [0x00000000f5580000, 0x00000000fb880000, 0x0000000100000000)
  eden space 39936K, 99% used [0x00000000f5580000,0x00000000f7c7fcc8,0x00000000f7c80000)
  from space 14848K, 0% used [0x00000000f7c80000,0x00000000f7c80000,0x00000000f8b00000)
  to   space 27136K, 0% used [0x00000000f9e00000,0x00000000f9e00000,0x00000000fb880000)
 ParOldGen       total 349696K, used 349689K [0x00000000e0000000, 0x00000000f5580000, 0x00000000f5580000)
  object space 349696K, 99% used [0x00000000e0000000,0x00000000f557e588,0x00000000f5580000)
 Metaspace       used 62241K, committed 63488K, reserved 1114112K
  class space    used 6099K, committed 6592K, reserved 1048576K
}
Event: 231.672 GC heap before
{Heap before GC invocations=272 (full 169):
 PSYoungGen      total 54784K, used 39936K [0x00000000f5580000, 0x00000000fb880000, 0x0000000100000000)
  eden space 39936K, 100% used [0x00000000f5580000,0x00000000f7c80000,0x00000000f7c80000)
  from space 14848K, 0% used [0x00000000f7c80000,0x00000000f7c80000,0x00000000f8b00000)
  to   space 27136K, 0% used [0x00000000f9e00000,0x00000000f9e00000,0x00000000fb880000)
 ParOldGen       total 349696K, used 349689K [0x00000000e0000000, 0x00000000f5580000, 0x00000000f5580000)
  object space 349696K, 99% used [0x00000000e0000000,0x00000000f557e588,0x00000000f5580000)
 Metaspace       used 62241K, committed 63488K, reserved 1114112K
  class space    used 6099K, committed 6592K, reserved 1048576K
}
Event: 232.718 GC heap after
{Heap after GC invocations=272 (full 169):
 PSYoungGen      total 67072K, used 39935K [0x00000000f5580000, 0x00000000fb880000, 0x0000000100000000)
  eden space 39936K, 99% used [0x00000000f5580000,0x00000000f7c7ff50,0x00000000f7c80000)
  from space 27136K, 0% used [0x00000000f9e00000,0x00000000f9e00000,0x00000000fb880000)
  to   space 14848K, 0% used [0x00000000f7c80000,0x00000000f7c80000,0x00000000f8b00000)
 ParOldGen       total 349696K, used 349689K [0x00000000e0000000, 0x00000000f5580000, 0x00000000f5580000)
  object space 349696K, 99% used [0x00000000e0000000,0x00000000f557e588,0x00000000f5580000)
 Metaspace       used 62241K, committed 63488K, reserved 1114112K
  class space    used 6099K, committed 6592K, reserved 1048576K
}
Event: 232.718 GC heap before
{Heap before GC invocations=273 (full 170):
 PSYoungGen      total 67072K, used 39935K [0x00000000f5580000, 0x00000000fb880000, 0x0000000100000000)
  eden space 39936K, 99% used [0x00000000f5580000,0x00000000f7c7fff8,0x00000000f7c80000)
  from space 27136K, 0% used [0x00000000f9e00000,0x00000000f9e00000,0x00000000fb880000)
  to   space 14848K, 0% used [0x00000000f7c80000,0x00000000f7c80000,0x00000000f8b00000)
 ParOldGen       total 349696K, used 349689K [0x00000000e0000000, 0x00000000f5580000, 0x00000000f5580000)
  object space 349696K, 99% used [0x00000000e0000000,0x00000000f557e588,0x00000000f5580000)
 Metaspace       used 62241K, committed 63488K, reserved 1114112K
  class space    used 6099K, committed 6592K, reserved 1048576K
}
Event: 233.922 GC heap after
{Heap after GC invocations=273 (full 170):
 PSYoungGen      total 54784K, used 39935K [0x00000000f5580000, 0x00000000fb880000, 0x0000000100000000)
  eden space 39936K, 99% used [0x00000000f5580000,0x00000000f7c7fff8,0x00000000f7c80000)
  from space 14848K, 0% used [0x00000000f7c80000,0x00000000f7c80000,0x00000000f8b00000)
  to   space 27136K, 0% used [0x00000000f9e00000,0x00000000f9e00000,0x00000000fb880000)
 ParOldGen       total 349696K, used 349689K [0x00000000e0000000, 0x00000000f5580000, 0x00000000f5580000)
  object space 349696K, 99% used [0x00000000e0000000,0x00000000f557e588,0x00000000f5580000)
 Metaspace       used 62241K, committed 63488K, reserved 1114112K
  class space    used 6099K, committed 6592K, reserved 1048576K
}
Event: 233.922 GC heap before
{Heap before GC invocations=274 (full 171):
 PSYoungGen      total 54784K, used 39935K [0x00000000f5580000, 0x00000000fb880000, 0x0000000100000000)
  eden space 39936K, 99% used [0x00000000f5580000,0x00000000f7c7fff8,0x00000000f7c80000)
  from space 14848K, 0% used [0x00000000f7c80000,0x00000000f7c80000,0x00000000f8b00000)
  to   space 27136K, 0% used [0x00000000f9e00000,0x00000000f9e00000,0x00000000fb880000)
 ParOldGen       total 349696K, used 349691K [0x00000000e0000000, 0x00000000f5580000, 0x00000000f5580000)
  object space 349696K, 99% used [0x00000000e0000000,0x00000000f557ecc0,0x00000000f5580000)
 Metaspace       used 62241K, committed 63488K, reserved 1114112K
  class space    used 6099K, committed 6592K, reserved 1048576K
}
Event: 235.224 GC heap after
{Heap after GC invocations=274 (full 171):
 PSYoungGen      total 67072K, used 39935K [0x00000000f5580000, 0x00000000fb880000, 0x0000000100000000)
  eden space 39936K, 99% used [0x00000000f5580000,0x00000000f7c7fea0,0x00000000f7c80000)
  from space 27136K, 0% used [0x00000000f9e00000,0x00000000f9e00000,0x00000000fb880000)
  to   space 14848K, 0% used [0x00000000f7c80000,0x00000000f7c80000,0x00000000f8b00000)
 ParOldGen       total 349696K, used 349691K [0x00000000e0000000, 0x00000000f5580000, 0x00000000f5580000)
  object space 349696K, 99% used [0x00000000e0000000,0x00000000f557ecc0,0x00000000f5580000)
 Metaspace       used 62241K, committed 63488K, reserved 1114112K
  class space    used 6099K, committed 6592K, reserved 1048576K
}
Event: 235.228 GC heap before
{Heap before GC invocations=275 (full 172):
 PSYoungGen      total 67072K, used 39935K [0x00000000f5580000, 0x00000000fb880000, 0x0000000100000000)
  eden space 39936K, 99% used [0x00000000f5580000,0x00000000f7c7ffd8,0x00000000f7c80000)
  from space 27136K, 0% used [0x00000000f9e00000,0x00000000f9e00000,0x00000000fb880000)
  to   space 14848K, 0% used [0x00000000f7c80000,0x00000000f7c80000,0x00000000f8b00000)
 ParOldGen       total 349696K, used 349691K [0x00000000e0000000, 0x00000000f5580000, 0x00000000f5580000)
  object space 349696K, 99% used [0x00000000e0000000,0x00000000f557ecc0,0x00000000f5580000)
 Metaspace       used 62241K, committed 63488K, reserved 1114112K
  class space    used 6099K, committed 6592K, reserved 1048576K
}
Event: 236.456 GC heap after
{Heap after GC invocations=275 (full 172):
 PSYoungGen      total 54784K, used 39935K [0x00000000f5580000, 0x00000000fb880000, 0x0000000100000000)
  eden space 39936K, 99% used [0x00000000f5580000,0x00000000f7c7ffa8,0x00000000f7c80000)
  from space 14848K, 0% used [0x00000000f7c80000,0x00000000f7c80000,0x00000000f8b00000)
  to   space 27136K, 0% used [0x00000000f9e00000,0x00000000f9e00000,0x00000000fb880000)
 ParOldGen       total 349696K, used 349691K [0x00000000e0000000, 0x00000000f5580000, 0x00000000f5580000)
  object space 349696K, 99% used [0x00000000e0000000,0x00000000f557ecc0,0x00000000f5580000)
 Metaspace       used 62241K, committed 63488K, reserved 1114112K
  class space    used 6099K, committed 6592K, reserved 1048576K
}
Event: 236.456 GC heap before
{Heap before GC invocations=276 (full 173):
 PSYoungGen      total 54784K, used 39935K [0x00000000f5580000, 0x00000000fb880000, 0x0000000100000000)
  eden space 39936K, 99% used [0x00000000f5580000,0x00000000f7c7ffd8,0x00000000f7c80000)
  from space 14848K, 0% used [0x00000000f7c80000,0x00000000f7c80000,0x00000000f8b00000)
  to   space 27136K, 0% used [0x00000000f9e00000,0x00000000f9e00000,0x00000000fb880000)
 ParOldGen       total 349696K, used 349691K [0x00000000e0000000, 0x00000000f5580000, 0x00000000f5580000)
  object space 349696K, 99% used [0x00000000e0000000,0x00000000f557ecc0,0x00000000f5580000)
 Metaspace       used 62241K, committed 63488K, reserved 1114112K
  class space    used 6099K, committed 6592K, reserved 1048576K
}
Event: 237.605 GC heap after
{Heap after GC invocations=276 (full 173):
 PSYoungGen      total 67072K, used 39935K [0x00000000f5580000, 0x00000000fb880000, 0x0000000100000000)
  eden space 39936K, 99% used [0x00000000f5580000,0x00000000f7c7ffc0,0x00000000f7c80000)
  from space 27136K, 0% used [0x00000000f9e00000,0x00000000f9e00000,0x00000000fb880000)
  to   space 14848K, 0% used [0x00000000f7c80000,0x00000000f7c80000,0x00000000f8b00000)
 ParOldGen       total 349696K, used 349691K [0x00000000e0000000, 0x00000000f5580000, 0x00000000f5580000)
  object space 349696K, 99% used [0x00000000e0000000,0x00000000f557ecc0,0x00000000f5580000)
 Metaspace       used 62241K, committed 63488K, reserved 1114112K
  class space    used 6099K, committed 6592K, reserved 1048576K
}
Event: 237.607 GC heap before
{Heap before GC invocations=277 (full 174):
 PSYoungGen      total 67072K, used 39936K [0x00000000f5580000, 0x00000000fb880000, 0x0000000100000000)
  eden space 39936K, 100% used [0x00000000f5580000,0x00000000f7c80000,0x00000000f7c80000)
  from space 27136K, 0% used [0x00000000f9e00000,0x00000000f9e00000,0x00000000fb880000)
  to   space 14848K, 0% used [0x00000000f7c80000,0x00000000f7c80000,0x00000000f8b00000)
 ParOldGen       total 349696K, used 349694K [0x00000000e0000000, 0x00000000f5580000, 0x00000000f5580000)
  object space 349696K, 99% used [0x00000000e0000000,0x00000000f557fa90,0x00000000f5580000)
 Metaspace       used 62241K, committed 63488K, reserved 1114112K
  class space    used 6099K, committed 6592K, reserved 1048576K
}
Event: 238.708 GC heap after
{Heap after GC invocations=277 (full 174):
 PSYoungGen      total 54784K, used 39934K [0x00000000f5580000, 0x00000000fb880000, 0x0000000100000000)
  eden space 39936K, 99% used [0x00000000f5580000,0x00000000f7c7fb60,0x00000000f7c80000)
  from space 14848K, 0% used [0x00000000f7c80000,0x00000000f7c80000,0x00000000f8b00000)
  to   space 27136K, 0% used [0x00000000f9e00000,0x00000000f9e00000,0x00000000fb880000)
 ParOldGen       total 349696K, used 349693K [0x00000000e0000000, 0x00000000f5580000, 0x00000000f5580000)
  object space 349696K, 99% used [0x00000000e0000000,0x00000000f557f4b8,0x00000000f5580000)
 Metaspace       used 62241K, committed 63488K, reserved 1114112K
  class space    used 6099K, committed 6592K, reserved 1048576K
}
Event: 238.708 GC heap before
{Heap before GC invocations=278 (full 175):
 PSYoungGen      total 54784K, used 39934K [0x00000000f5580000, 0x00000000fb880000, 0x0000000100000000)
  eden space 39936K, 99% used [0x00000000f5580000,0x00000000f7c7fb60,0x00000000f7c80000)
  from space 14848K, 0% used [0x00000000f7c80000,0x00000000f7c80000,0x00000000f8b00000)
  to   space 27136K, 0% used [0x00000000f9e00000,0x00000000f9e00000,0x00000000fb880000)
 ParOldGen       total 349696K, used 349693K [0x00000000e0000000, 0x00000000f5580000, 0x00000000f5580000)
  object space 349696K, 99% used [0x00000000e0000000,0x00000000f557f4b8,0x00000000f5580000)
 Metaspace       used 62241K, committed 63488K, reserved 1114112K
  class space    used 6099K, committed 6592K, reserved 1048576K
}
Event: 239.806 GC heap after
{Heap after GC invocations=278 (full 175):
 PSYoungGen      total 67072K, used 39934K [0x00000000f5580000, 0x00000000fb880000, 0x0000000100000000)
  eden space 39936K, 99% used [0x00000000f5580000,0x00000000f7c7fb60,0x00000000f7c80000)
  from space 27136K, 0% used [0x00000000f9e00000,0x00000000f9e00000,0x00000000fb880000)
  to   space 14848K, 0% used [0x00000000f7c80000,0x00000000f7c80000,0x00000000f8b00000)
 ParOldGen       total 349696K, used 349693K [0x00000000e0000000, 0x00000000f5580000, 0x00000000f5580000)
  object space 349696K, 99% used [0x00000000e0000000,0x00000000f557f4b8,0x00000000f5580000)
 Metaspace       used 62241K, committed 63488K, reserved 1114112K
  class space    used 6099K, committed 6592K, reserved 1048576K
}

